[I 2022-06-12 15:49:17.964 ServerApp] jupyterlab | extension was successfully linked.
[I 2022-06-12 15:49:18.205 ServerApp] nbclassic | extension was successfully linked.
[I 2022-06-12 15:49:18.262 LabApp] JupyterLab extension loaded from /data/anaconda3/lib/python3.8/site-packages/jupyterlab
[I 2022-06-12 15:49:18.263 LabApp] JupyterLab application directory is /data/anaconda3/share/jupyter/lab
[I 2022-06-12 15:49:18.266 ServerApp] jupyterlab | extension was successfully loaded.
[I 2022-06-12 15:49:18.270 ServerApp] nbclassic | extension was successfully loaded.
[I 2022-06-12 15:49:18.270 ServerApp] 启动notebooks 在本地路径: /data/code/wanghuan/web_abnormal
[I 2022-06-12 15:49:18.271 ServerApp] Jupyter Server 1.4.1 is running at:
[I 2022-06-12 15:49:18.271 ServerApp] http://localhost:10086/lab?token=e9d626a3b4b794aebea061a95bc86f11066b5389c12511f1
[I 2022-06-12 15:49:18.271 ServerApp]  or http://127.0.0.1:10086/lab?token=e9d626a3b4b794aebea061a95bc86f11066b5389c12511f1
[I 2022-06-12 15:49:18.271 ServerApp] 使用control-c停止此服务器并关闭所有内核(两次跳过确认).
[C 2022-06-12 15:49:18.275 ServerApp] 
    
    To access the server, open this file in a browser:
        file:///home/wanghuan/.local/share/jupyter/runtime/jpserver-15999-open.html
    Or copy and paste one of these URLs:
        http://localhost:10086/lab?token=e9d626a3b4b794aebea061a95bc86f11066b5389c12511f1
     or http://127.0.0.1:10086/lab?token=e9d626a3b4b794aebea061a95bc86f11066b5389c12511f1
[I 2022-06-12 15:49:26.701 ServerApp] 302 GET / (127.0.0.1) 0.85ms
[I 2022-06-12 15:49:26.883 LabApp] 302 GET /lab? (127.0.0.1) 1.29ms
[I 2022-06-12 15:49:46.115 ServerApp] 302 POST /login?next=%2Flab%3F (127.0.0.1) 1.60ms
[W 2022-06-12 15:49:52.468 LabApp] Could not determine jupyterlab build status without nodejs
[I 2022-06-12 15:49:59.414 ServerApp] Kernel started: 03172481-c4a4-47fc-9e69-ae6a0af1bc8b
2022-06-12 15:50:08.685056: W tensorflow/stream_executor/platform/default/dso_loader.cc:64] Could not load dynamic library 'libcudart.so.11.0'; dlerror: libcudart.so.11.0: cannot open shared object file: No such file or directory
2022-06-12 15:50:08.685136: I tensorflow/stream_executor/cuda/cudart_stub.cc:29] Ignore above cudart dlerror if you do not have a GPU set up on your machine.
2022-06-12 15:50:13.350285: W tensorflow/stream_executor/platform/default/dso_loader.cc:64] Could not load dynamic library 'libcuda.so.1'; dlerror: libcuda.so.1: cannot open shared object file: No such file or directory
2022-06-12 15:50:13.350348: W tensorflow/stream_executor/cuda/cuda_driver.cc:269] failed call to cuInit: UNKNOWN ERROR (303)
2022-06-12 15:50:13.350400: I tensorflow/stream_executor/cuda/cuda_diagnostics.cc:156] kernel driver does not appear to be running on this host (ip-10-1-3-115.us-west-2.compute.internal): /proc/driver/nvidia/version does not exist
2022-06-12 15:50:13.350768: I tensorflow/core/platform/cpu_feature_guard.cc:142] This TensorFlow binary is optimized with oneAPI Deep Neural Network Library (oneDNN) to use the following CPU instructions in performance-critical operations:  AVX2 FMA
To enable them in other operations, rebuild TensorFlow with the appropriate compiler flags.
[I 2022-06-12 15:51:57.189 ServerApp] Shutting down on /api/shutdown request.
[I 2022-06-12 15:51:57.190 ServerApp] 关闭 1 服务
[I 2022-06-12 15:51:57.191 ServerApp] Kernel shutdown: 03172481-c4a4-47fc-9e69-ae6a0af1bc8b
